mode: set
github.com/dranidis/go-sdl-spec/sdl.go:33.85,38.2 4 1
github.com/dranidis/go-sdl-spec/sdl.go:45.49,46.16 1 1
github.com/dranidis/go-sdl-spec/sdl.go:46.16,47.7 1 1
github.com/dranidis/go-sdl-spec/sdl.go:47.7,49.12 2 1
github.com/dranidis/go-sdl-spec/sdl.go:52.4,52.8 1 1
github.com/dranidis/go-sdl-spec/sdl.go:49.12,51.5 1 1
github.com/dranidis/go-sdl-spec/sdl.go:57.44,58.9 1 1
github.com/dranidis/go-sdl-spec/sdl.go:59.23,61.18 2 1
github.com/dranidis/go-sdl-spec/sdl.go:62.15,63.19 1 1
github.com/dranidis/go-sdl-spec/sdl.go:68.21,70.2 1 0
github.com/dranidis/go-sdl-spec/sdl.go:74.64,75.6 1 1
github.com/dranidis/go-sdl-spec/sdl.go:75.6,76.10 1 1
github.com/dranidis/go-sdl-spec/sdl.go:77.17,78.41 1 1
github.com/dranidis/go-sdl-spec/sdl.go:79.14,80.10 1 1
github.com/dranidis/go-sdl-spec/sdl.go:87.75,88.23 1 1
github.com/dranidis/go-sdl-spec/sdl.go:88.23,91.3 2 1
github.com/dranidis/go-sdl-spec/sdl.go:96.31,98.2 1 1
github.com/dranidis/go-sdl-spec/sdl.go:101.27,103.2 1 1
